<?xml version="1.0" encoding="UTF-8"?>
<!-- Generated by org.testng.reporters.JUnitXMLReporter -->
<testsuite ignored="12" hostname="DESKTOP-CT58SMB" failures="0" tests="13" name=" Regression Test" time="111.452" errors="0" timestamp="2025-05-08T11:56:49 EEST">
  <testcase classname="Tests.UserRegisterationTest" name="userCanRegistersuccessfully" time="14.463"/>
  <testcase classname="Tests.UserRegisterationTest" name="userCanLogout" time="7.193"/>
  <testcase classname="Tests.UserRegisterationTest" name="userCanLoginSuccessfully" time="6.203"/>
  <testcase classname="Tests.AddProductToCartTest" name="UserCanAddProductToCart" time="9.222"/>
  <testcase classname="Tests.ContactUSTest" name="userCanUseContactUs" time="2.554"/>
  <testcase classname="Tests.RegisteredUserCheckOutAndDownloadInvoiceTest" name="userCanRegistersuccessfully" time="8.525"/>
  <testcase classname="Tests.RegisteredUserCheckOutAndDownloadInvoiceTest" name="UserCanAddProductToCart" time="7.752"/>
  <testcase classname="Tests.RegisteredUserCheckOutAndDownloadInvoiceTest" name="registeredUserCanCheckOut" time="10.791"/>
  <testcase classname="Tests.SearchProductTest" name="userCanSearchForProduct" time="8.802"/>
  <testcase classname="Tests.UnregisteredUserCheckOutAndDownloadInvoiceTest" name="UserCanAddProductToCart" time="11.297"/>
  <testcase classname="Tests.UnregisteredUserCheckOutAndDownloadInvoiceTest" name="guestUserCanLoginORRegister" time="5.13"/>
  <testcase classname="Tests.UnregisteredUserCheckOutAndDownloadInvoiceTest" name="registeredUserCanCheckOut" time="12.944"/>
  <testcase classname="Tests.UserLoginTest" name="userCanLoginSuccessfully" time="6.446"/>
  <testcase classname="Tests.TestBase" name="@AfterSuite stopDriver" time="0.0">
    <ignored/>
  </testcase> <!-- @AfterSuite stopDriver -->
  <testcase classname="Tests.TestBase" name="@BeforeSuite startDriver" time="0.0">
    <ignored/>
  </testcase> <!-- @BeforeSuite startDriver -->
  <testcase classname="Tests.TestBase" name="@BeforeSuite startDriver" time="0.0">
    <ignored/>
  </testcase> <!-- @BeforeSuite startDriver -->
  <testcase classname="Tests.TestBase" name="@AfterSuite stopDriver" time="0.0">
    <ignored/>
  </testcase> <!-- @AfterSuite stopDriver -->
  <testcase classname="Tests.TestBase" name="@BeforeSuite startDriver" time="0.0">
    <ignored/>
  </testcase> <!-- @BeforeSuite startDriver -->
  <testcase classname="Tests.TestBase" name="@AfterSuite stopDriver" time="0.0">
    <ignored/>
  </testcase> <!-- @AfterSuite stopDriver -->
  <testcase classname="Tests.TestBase" name="@AfterSuite stopDriver" time="0.0">
    <ignored/>
  </testcase> <!-- @AfterSuite stopDriver -->
  <testcase classname="Tests.TestBase" name="@BeforeSuite startDriver" time="0.0">
    <ignored/>
  </testcase> <!-- @BeforeSuite startDriver -->
  <testcase classname="Tests.TestBase" name="@AfterSuite stopDriver" time="0.0">
    <ignored/>
  </testcase> <!-- @AfterSuite stopDriver -->
  <testcase classname="Tests.TestBase" name="@BeforeSuite startDriver" time="0.0">
    <ignored/>
  </testcase> <!-- @BeforeSuite startDriver -->
  <testcase classname="Tests.TestBase" name="@AfterSuite stopDriver" time="0.0">
    <ignored/>
  </testcase> <!-- @AfterSuite stopDriver -->
  <testcase classname="Tests.TestBase" name="@BeforeSuite startDriver" time="0.0">
    <ignored/>
  </testcase> <!-- @BeforeSuite startDriver -->
</testsuite> <!--  Regression Test -->
