<?xml version="1.0" encoding="UTF-8"?>
<!-- Generated by org.testng.reporters.JUnitXMLReporter -->
<testsuite ignored="10" hostname="DESKTOP-CT58SMB" failures="0" tests="10" name=" Regression Test" time="63.931" errors="0" timestamp="2025-05-27T12:39:05 EEST">
  <testcase classname="Tests.AddProductToCartTest" name="UserCanAddProductToCart" time="6.444"/>
  <testcase classname="Tests.UserLoginTest" name="userCanLoginSuccessfully" time="5.418"/>
  <testcase classname="Tests.SearchProductTest" name="userCanSearchForProduct" time="6.797"/>
  <testcase classname="Tests.ContactUSTest" name="userCanUseContactUs" time="2.342"/>
  <testcase classname="Tests.RegisteredUserCheckOutAndDownloadInvoiceTest" name="userCanRegistersuccessfully" time="6.567"/>
  <testcase classname="Tests.RegisteredUserCheckOutAndDownloadInvoiceTest" name="UserCanAddProductToCart" time="6.161"/>
  <testcase classname="Tests.RegisteredUserCheckOutAndDownloadInvoiceTest" name="registeredUserCanCheckOut" time="10.703"/>
  <testcase classname="Tests.UserRegisterationTest" name="userCanRegistersuccessfully" time="9.809"/>
  <testcase classname="Tests.UserRegisterationTest" name="userCanLogout" time="3.655"/>
  <testcase classname="Tests.UserRegisterationTest" name="userCanLoginSuccessfully" time="5.698"/>
  <testcase classname="Tests.TestBase" name="@BeforeSuite startDriver" time="0.0">
    <ignored/>
  </testcase> <!-- @BeforeSuite startDriver -->
  <testcase classname="Tests.TestBase" name="@AfterSuite stopDriver" time="0.0">
    <ignored/>
  </testcase> <!-- @AfterSuite stopDriver -->
  <testcase classname="Tests.TestBase" name="@AfterSuite stopDriver" time="0.0">
    <ignored/>
  </testcase> <!-- @AfterSuite stopDriver -->
  <testcase classname="Tests.TestBase" name="@BeforeSuite startDriver" time="0.0">
    <ignored/>
  </testcase> <!-- @BeforeSuite startDriver -->
  <testcase classname="Tests.TestBase" name="@AfterSuite stopDriver" time="0.0">
    <ignored/>
  </testcase> <!-- @AfterSuite stopDriver -->
  <testcase classname="Tests.TestBase" name="@BeforeSuite startDriver" time="0.0">
    <ignored/>
  </testcase> <!-- @BeforeSuite startDriver -->
  <testcase classname="Tests.TestBase" name="@BeforeSuite startDriver" time="0.0">
    <ignored/>
  </testcase> <!-- @BeforeSuite startDriver -->
  <testcase classname="Tests.TestBase" name="@AfterSuite stopDriver" time="0.0">
    <ignored/>
  </testcase> <!-- @AfterSuite stopDriver -->
  <testcase classname="Tests.TestBase" name="@BeforeSuite startDriver" time="0.0">
    <ignored/>
  </testcase> <!-- @BeforeSuite startDriver -->
  <testcase classname="Tests.TestBase" name="@AfterSuite stopDriver" time="0.0">
    <ignored/>
  </testcase> <!-- @AfterSuite stopDriver -->
</testsuite> <!--  Regression Test -->
